  [1m[36m (2.3ms)[0m  [1mCREATE TABLE "schema_migrations" ("version" varchar(255) NOT NULL) [0m
  [1m[35m (2.1ms)[0m  CREATE UNIQUE INDEX "unique_schema_migrations" ON "schema_migrations" ("version")
  [1m[36mActiveRecord::SchemaMigration Load (0.3ms)[0m  [1mSELECT "schema_migrations".* FROM "schema_migrations"[0m
  [1m[36mActiveRecord::SchemaMigration Load (0.2ms)[0m  [1mSELECT "schema_migrations".* FROM "schema_migrations"[0m
Migrating to CreateStocks (20131205144706)
  [1m[35m (0.2ms)[0m  begin transaction
  [1m[36m (0.8ms)[0m  [1mCREATE TABLE "stocks" ("id" INTEGER PRIMARY KEY AUTOINCREMENT NOT NULL, "symbol" varchar(255), "name" varchar(255), "bid" decimal, "ask" decimal, "year_high" decimal, "year_low" decimal, "created_at" datetime, "updated_at" datetime) [0m
  [1m[35mSQL (0.4ms)[0m  INSERT INTO "schema_migrations" ("version") VALUES (?)  [["version", "20131205144706"]]
  [1m[36m (2.6ms)[0m  [1mcommit transaction[0m
  [1m[35mActiveRecord::SchemaMigration Load (0.1ms)[0m  SELECT "schema_migrations".* FROM "schema_migrations"
  [1m[36mActiveRecord::SchemaMigration Load (0.2ms)[0m  [1mSELECT "schema_migrations".* FROM "schema_migrations"[0m
  [1m[35m (0.1ms)[0m  begin transaction
  [1m[36mSQL (48.0ms)[0m  [1mINSERT INTO "stocks" ("created_at", "name", "symbol", "updated_at") VALUES (?, ?, ?, ?)[0m  [["created_at", Sat, 21 Jun 2014 20:55:38 UTC +00:00], ["name", "Apple"], ["symbol", "AAPL"], ["updated_at", Sat, 21 Jun 2014 20:55:38 UTC +00:00]]
  [1m[35m (2.4ms)[0m  commit transaction
  [1m[36m (0.2ms)[0m  [1mbegin transaction[0m
  [1m[35mSQL (1.1ms)[0m  INSERT INTO "stocks" ("created_at", "name", "symbol", "updated_at") VALUES (?, ?, ?, ?)  [["created_at", Sat, 21 Jun 2014 20:55:38 UTC +00:00], ["name", "Microsoft"], ["symbol", "MSFT"], ["updated_at", Sat, 21 Jun 2014 20:55:38 UTC +00:00]]
  [1m[36m (2.3ms)[0m  [1mcommit transaction[0m
  [1m[35m (0.4ms)[0m  begin transaction
  [1m[36mSQL (0.5ms)[0m  [1mINSERT INTO "stocks" ("created_at", "name", "symbol", "updated_at") VALUES (?, ?, ?, ?)[0m  [["created_at", Sat, 21 Jun 2014 20:55:38 UTC +00:00], ["name", "Google"], ["symbol", "GOOG"], ["updated_at", Sat, 21 Jun 2014 20:55:38 UTC +00:00]]
  [1m[35m (2.1ms)[0m  commit transaction
  [1m[36m (0.1ms)[0m  [1mbegin transaction[0m
  [1m[35mSQL (0.4ms)[0m  INSERT INTO "stocks" ("created_at", "name", "symbol", "updated_at") VALUES (?, ?, ?, ?)  [["created_at", Sat, 21 Jun 2014 20:55:38 UTC +00:00], ["name", "Twitter"], ["symbol", "TWTR"], ["updated_at", Sat, 21 Jun 2014 20:55:38 UTC +00:00]]
  [1m[36m (2.0ms)[0m  [1mcommit transaction[0m
  [1m[35m (0.1ms)[0m  begin transaction
  [1m[36mSQL (0.4ms)[0m  [1mINSERT INTO "stocks" ("created_at", "name", "symbol", "updated_at") VALUES (?, ?, ?, ?)[0m  [["created_at", Sat, 21 Jun 2014 20:55:38 UTC +00:00], ["name", "Facebook"], ["symbol", "FB"], ["updated_at", Sat, 21 Jun 2014 20:55:38 UTC +00:00]]
  [1m[35m (2.2ms)[0m  commit transaction


Started GET "/api/stocks.json" for 127.0.0.1 at 2014-06-21 16:55:53 -0400
  [1m[36mActiveRecord::SchemaMigration Load (0.2ms)[0m  [1mSELECT "schema_migrations".* FROM "schema_migrations"[0m
Processing by StocksController#index as JSON
  [1m[35mStock Load (0.3ms)[0m  SELECT "stocks".* FROM "stocks"
Completed 200 OK in 135ms (Views: 34.1ms | ActiveRecord: 0.6ms)


Started GET "/api/stocks.json" for 127.0.0.1 at 2014-06-21 16:55:59 -0400
Processing by StocksController#index as JSON
  [1m[36mStock Load (0.3ms)[0m  [1mSELECT "stocks".* FROM "stocks"[0m
Completed 200 OK in 49ms (Views: 46.6ms | ActiveRecord: 0.3ms)


Started GET "/api/stocks" for 127.0.0.1 at 2014-06-21 17:25:50 -0400
  [1m[36mActiveRecord::SchemaMigration Load (20.0ms)[0m  [1mSELECT "schema_migrations".* FROM "schema_migrations"[0m
Processing by StocksController#index as JSON
  [1m[35mStock Load (13.5ms)[0m  SELECT "stocks".* FROM "stocks"
Completed 200 OK in 240ms (Views: 93.1ms | ActiveRecord: 13.9ms)


Started GET "/stocks" for 127.0.0.1 at 2014-06-21 17:25:57 -0400

ActionController::RoutingError (No route matches [GET] "/stocks"):
  actionpack (4.0.0) lib/action_dispatch/middleware/debug_exceptions.rb:21:in `call'
  actionpack (4.0.0) lib/action_dispatch/middleware/show_exceptions.rb:30:in `call'
  railties (4.0.0) lib/rails/rack/logger.rb:38:in `call_app'
  railties (4.0.0) lib/rails/rack/logger.rb:21:in `block in call'
  activesupport (4.0.0) lib/active_support/tagged_logging.rb:67:in `block in tagged'
  activesupport (4.0.0) lib/active_support/tagged_logging.rb:25:in `tagged'
  activesupport (4.0.0) lib/active_support/tagged_logging.rb:67:in `tagged'
  railties (4.0.0) lib/rails/rack/logger.rb:21:in `call'
  actionpack (4.0.0) lib/action_dispatch/middleware/request_id.rb:21:in `call'
  rack (1.5.2) lib/rack/methodoverride.rb:21:in `call'
  rack (1.5.2) lib/rack/runtime.rb:17:in `call'
  activesupport (4.0.0) lib/active_support/cache/strategy/local_cache.rb:83:in `call'
  rack (1.5.2) lib/rack/lock.rb:17:in `call'
  actionpack (4.0.0) lib/action_dispatch/middleware/static.rb:64:in `call'
  railties (4.0.0) lib/rails/engine.rb:511:in `call'
  railties (4.0.0) lib/rails/application.rb:97:in `call'
  rack (1.5.2) lib/rack/lock.rb:17:in `call'
  rack (1.5.2) lib/rack/content_length.rb:14:in `call'
  rack (1.5.2) lib/rack/handler/webrick.rb:60:in `service'
  /Users/Bombick/.rvm/rubies/ruby-2.0.0-p247/lib/ruby/2.0.0/webrick/httpserver.rb:138:in `service'
  /Users/Bombick/.rvm/rubies/ruby-2.0.0-p247/lib/ruby/2.0.0/webrick/httpserver.rb:94:in `run'
  /Users/Bombick/.rvm/rubies/ruby-2.0.0-p247/lib/ruby/2.0.0/webrick/server.rb:295:in `block in start_thread'


  Rendered /Users/Bombick/.rvm/gems/ruby-2.0.0-p247@railstutorial_rails_4_0/gems/actionpack-4.0.0/lib/action_dispatch/middleware/templates/rescues/_trace.erb (2.0ms)
  Rendered /Users/Bombick/.rvm/gems/ruby-2.0.0-p247@railstutorial_rails_4_0/gems/actionpack-4.0.0/lib/action_dispatch/middleware/templates/routes/_route.html.erb (6.8ms)
  Rendered /Users/Bombick/.rvm/gems/ruby-2.0.0-p247@railstutorial_rails_4_0/gems/actionpack-4.0.0/lib/action_dispatch/middleware/templates/routes/_table.html.erb (42.5ms)
  Rendered /Users/Bombick/.rvm/gems/ruby-2.0.0-p247@railstutorial_rails_4_0/gems/actionpack-4.0.0/lib/action_dispatch/middleware/templates/rescues/routing_error.erb within rescues/layout (191.0ms)


Started GET "/" for 127.0.0.1 at 2014-06-21 17:26:22 -0400
Processing by WatchlistController#index as HTML
  Rendered watchlist/index.html.erb within layouts/application (1.0ms)
Completed 200 OK in 851ms (Views: 849.2ms | ActiveRecord: 0.0ms)


Started GET "/assets/application.css?body=1" for 127.0.0.1 at 2014-06-21 17:26:23 -0400


Started GET "/assets/watchlist.css?body=1" for 127.0.0.1 at 2014-06-21 17:26:23 -0400


Started GET "/assets/angular-resource.js?body=1" for 127.0.0.1 at 2014-06-21 17:26:23 -0400


Started GET "/assets/angular.js?body=1" for 127.0.0.1 at 2014-06-21 17:26:23 -0400


Started GET "/assets/main.js?body=1" for 127.0.0.1 at 2014-06-21 17:26:24 -0400


Started GET "/assets/stocks.css?body=1" for 127.0.0.1 at 2014-06-21 17:26:24 -0400


Started GET "/assets/angular/controllers/stocks_ctrl.js?body=1" for 127.0.0.1 at 2014-06-21 17:26:24 -0400


Started GET "/assets/angular/services/stock.js?body=1" for 127.0.0.1 at 2014-06-21 17:26:24 -0400


Started GET "/assets/application.js?body=1" for 127.0.0.1 at 2014-06-21 17:26:24 -0400


Started GET "/api/stocks" for 127.0.0.1 at 2014-06-21 17:26:25 -0400
Processing by StocksController#index as JSON
  [1m[36mStock Load (51.5ms)[0m  [1mSELECT "stocks".* FROM "stocks"[0m
Completed 200 OK in 58ms (Views: 3.8ms | ActiveRecord: 51.5ms)


Started GET "/" for 127.0.0.1 at 2014-06-21 17:27:01 -0400
Processing by WatchlistController#index as HTML
  Rendered watchlist/index.html.erb within layouts/application (0.1ms)
Completed 200 OK in 318ms (Views: 316.4ms | ActiveRecord: 0.0ms)


Started GET "/assets/application.css?body=1" for 127.0.0.1 at 2014-06-21 17:27:01 -0400


Started GET "/assets/stocks.css?body=1" for 127.0.0.1 at 2014-06-21 17:27:01 -0400


Started GET "/assets/watchlist.css?body=1" for 127.0.0.1 at 2014-06-21 17:27:01 -0400


Started GET "/assets/angular.js?body=1" for 127.0.0.1 at 2014-06-21 17:27:01 -0400


Started GET "/assets/angular-resource.js?body=1" for 127.0.0.1 at 2014-06-21 17:27:01 -0400


Started GET "/assets/main.js?body=1" for 127.0.0.1 at 2014-06-21 17:27:01 -0400


Started GET "/assets/angular/controllers/stocks_ctrl.js?body=1" for 127.0.0.1 at 2014-06-21 17:27:01 -0400


Started GET "/assets/application.js?body=1" for 127.0.0.1 at 2014-06-21 17:27:01 -0400


Started GET "/assets/angular/services/stock.js?body=1" for 127.0.0.1 at 2014-06-21 17:27:01 -0400


Started GET "/api/stocks" for 127.0.0.1 at 2014-06-21 17:27:02 -0400
Processing by StocksController#index as JSON
  [1m[35mStock Load (89.8ms)[0m  SELECT "stocks".* FROM "stocks"
Completed 200 OK in 96ms (Views: 3.4ms | ActiveRecord: 89.8ms)


Started GET "/api/stocks" for 127.0.0.1 at 2014-06-21 17:27:16 -0400
Processing by StocksController#index as JSON
  [1m[36mStock Load (0.2ms)[0m  [1mSELECT "stocks".* FROM "stocks"[0m
Completed 200 OK in 5ms (Views: 2.5ms | ActiveRecord: 0.2ms)


Started DELETE "/api/stocks/1" for 127.0.0.1 at 2014-06-21 17:27:33 -0400
Processing by StocksController#destroy as JSON
  Parameters: {"id"=>"1"}
  [1m[35mStock Load (0.5ms)[0m  SELECT "stocks".* FROM "stocks" WHERE "stocks"."id" = ? LIMIT 1  [["id", "1"]]
  [1m[36m (0.6ms)[0m  [1mbegin transaction[0m
  [1m[35mSQL (378.4ms)[0m  DELETE FROM "stocks" WHERE "stocks"."id" = ?  [["id", 1]]
  [1m[36m (42.3ms)[0m  [1mcommit transaction[0m
Completed 204 No Content in 444ms (ActiveRecord: 421.8ms)


Started POST "/api/stocks" for 127.0.0.1 at 2014-06-21 17:27:51 -0400
Processing by StocksController#create as JSON
  Parameters: {"symbol"=>"TSLA", "name"=>"Tesla Motors, Inc", "bid"=>nil, "ask"=>"229.39", "year_low"=>"95.30", "year_high"=>"265.00", "stock"=>{"symbol"=>"TSLA", "name"=>"Tesla Motors, Inc", "bid"=>nil, "ask"=>"229.39", "year_high"=>"265.00", "year_low"=>"95.30"}}
  [1m[35m (0.1ms)[0m  begin transaction
  [1m[36mSQL (59.2ms)[0m  [1mINSERT INTO "stocks" ("ask", "created_at", "name", "symbol", "updated_at", "year_high", "year_low") VALUES (?, ?, ?, ?, ?, ?, ?)[0m  [["ask", #<BigDecimal:7fe2829cf650,'0.22939E3',18(18)>], ["created_at", Sat, 21 Jun 2014 21:27:51 UTC +00:00], ["name", "Tesla Motors, Inc"], ["symbol", "TSLA"], ["updated_at", Sat, 21 Jun 2014 21:27:51 UTC +00:00], ["year_high", #<BigDecimal:7fe2829cf600,'0.265E3',9(18)>], ["year_low", #<BigDecimal:7fe2829cf5b0,'0.953E2',18(18)>]]
  [1m[35m (2.2ms)[0m  commit transaction
Completed 201 Created in 107ms (Views: 36.3ms | ActiveRecord: 61.6ms)


Started POST "/api/stocks" for 127.0.0.1 at 2014-06-21 17:27:51 -0400
Processing by StocksController#create as JSON
  Parameters: {"symbol"=>"TSLA", "name"=>"Tesla Motors, Inc", "bid"=>nil, "ask"=>"229.39", "year_low"=>"95.30", "year_high"=>"265.00", "stock"=>{"symbol"=>"TSLA", "name"=>"Tesla Motors, Inc", "bid"=>nil, "ask"=>"229.39", "year_high"=>"265.00", "year_low"=>"95.30"}}
  [1m[36m (0.1ms)[0m  [1mbegin transaction[0m
  [1m[35mSQL (0.7ms)[0m  INSERT INTO "stocks" ("ask", "created_at", "name", "symbol", "updated_at", "year_high", "year_low") VALUES (?, ?, ?, ?, ?, ?, ?)  [["ask", #<BigDecimal:7fe282a3cb88,'0.22939E3',18(18)>], ["created_at", Sat, 21 Jun 2014 21:27:51 UTC +00:00], ["name", "Tesla Motors, Inc"], ["symbol", "TSLA"], ["updated_at", Sat, 21 Jun 2014 21:27:51 UTC +00:00], ["year_high", #<BigDecimal:7fe282a3cb38,'0.265E3',9(18)>], ["year_low", #<BigDecimal:7fe282a3cae8,'0.953E2',18(18)>]]
  [1m[36m (2.2ms)[0m  [1mcommit transaction[0m
Completed 201 Created in 11ms (Views: 1.5ms | ActiveRecord: 3.0ms)


Started POST "/api/stocks" for 127.0.0.1 at 2014-06-21 17:27:51 -0400
Processing by StocksController#create as JSON
  Parameters: {"symbol"=>"TSLA", "name"=>"Tesla Motors, Inc", "bid"=>nil, "ask"=>"229.39", "year_low"=>"95.30", "year_high"=>"265.00", "stock"=>{"symbol"=>"TSLA", "name"=>"Tesla Motors, Inc", "bid"=>nil, "ask"=>"229.39", "year_high"=>"265.00", "year_low"=>"95.30"}}
  [1m[35m (0.1ms)[0m  begin transaction
  [1m[36mSQL (0.7ms)[0m  [1mINSERT INTO "stocks" ("ask", "created_at", "name", "symbol", "updated_at", "year_high", "year_low") VALUES (?, ?, ?, ?, ?, ?, ?)[0m  [["ask", #<BigDecimal:7fe282a64278,'0.22939E3',18(18)>], ["created_at", Sat, 21 Jun 2014 21:27:51 UTC +00:00], ["name", "Tesla Motors, Inc"], ["symbol", "TSLA"], ["updated_at", Sat, 21 Jun 2014 21:27:51 UTC +00:00], ["year_high", #<BigDecimal:7fe282a64228,'0.265E3',9(18)>], ["year_low", #<BigDecimal:7fe282a641d8,'0.953E2',18(18)>]]
  [1m[35m (1.7ms)[0m  commit transaction
Completed 201 Created in 9ms (Views: 0.9ms | ActiveRecord: 2.5ms)


Started POST "/api/stocks" for 127.0.0.1 at 2014-06-21 17:27:51 -0400
Processing by StocksController#create as JSON
  Parameters: {"symbol"=>"TSLA", "name"=>"Tesla Motors, Inc", "bid"=>nil, "ask"=>"229.39", "year_low"=>"95.30", "year_high"=>"265.00", "stock"=>{"symbol"=>"TSLA", "name"=>"Tesla Motors, Inc", "bid"=>nil, "ask"=>"229.39", "year_high"=>"265.00", "year_low"=>"95.30"}}
  [1m[36m (0.1ms)[0m  [1mbegin transaction[0m
  [1m[35mSQL (0.6ms)[0m  INSERT INTO "stocks" ("ask", "created_at", "name", "symbol", "updated_at", "year_high", "year_low") VALUES (?, ?, ?, ?, ?, ?, ?)  [["ask", #<BigDecimal:7fe28486e1b0,'0.22939E3',18(18)>], ["created_at", Sat, 21 Jun 2014 21:27:51 UTC +00:00], ["name", "Tesla Motors, Inc"], ["symbol", "TSLA"], ["updated_at", Sat, 21 Jun 2014 21:27:51 UTC +00:00], ["year_high", #<BigDecimal:7fe28486e160,'0.265E3',9(18)>], ["year_low", #<BigDecimal:7fe28486e110,'0.953E2',18(18)>]]
  [1m[36m (2.9ms)[0m  [1mcommit transaction[0m
Completed 201 Created in 21ms (Views: 1.7ms | ActiveRecord: 3.6ms)


Started DELETE "/api/stocks/6" for 127.0.0.1 at 2014-06-21 17:27:54 -0400
Processing by StocksController#destroy as JSON
  Parameters: {"id"=>"6"}
  [1m[35mStock Load (0.2ms)[0m  SELECT "stocks".* FROM "stocks" WHERE "stocks"."id" = ? LIMIT 1  [["id", "6"]]
  [1m[36m (0.1ms)[0m  [1mbegin transaction[0m
  [1m[35mSQL (0.4ms)[0m  DELETE FROM "stocks" WHERE "stocks"."id" = ?  [["id", 6]]
  [1m[36m (1.9ms)[0m  [1mcommit transaction[0m
Completed 204 No Content in 8ms (ActiveRecord: 2.6ms)


Started DELETE "/api/stocks/7" for 127.0.0.1 at 2014-06-21 17:27:55 -0400
Processing by StocksController#destroy as JSON
  Parameters: {"id"=>"7"}
  [1m[35mStock Load (0.2ms)[0m  SELECT "stocks".* FROM "stocks" WHERE "stocks"."id" = ? LIMIT 1  [["id", "7"]]
  [1m[36m (0.1ms)[0m  [1mbegin transaction[0m
  [1m[35mSQL (0.3ms)[0m  DELETE FROM "stocks" WHERE "stocks"."id" = ?  [["id", 7]]
  [1m[36m (1.6ms)[0m  [1mcommit transaction[0m
Completed 204 No Content in 7ms (ActiveRecord: 2.3ms)


Started DELETE "/api/stocks/8" for 127.0.0.1 at 2014-06-21 17:27:56 -0400
Processing by StocksController#destroy as JSON
  Parameters: {"id"=>"8"}
  [1m[35mStock Load (0.3ms)[0m  SELECT "stocks".* FROM "stocks" WHERE "stocks"."id" = ? LIMIT 1  [["id", "8"]]
  [1m[36m (0.1ms)[0m  [1mbegin transaction[0m
  [1m[35mSQL (1.0ms)[0m  DELETE FROM "stocks" WHERE "stocks"."id" = ?  [["id", 8]]
  [1m[36m (2.1ms)[0m  [1mcommit transaction[0m
Completed 204 No Content in 9ms (ActiveRecord: 3.4ms)


Started GET "/api/stocks/4/ohlc" for 127.0.0.1 at 2014-06-21 19:52:29 -0400
  [1m[36mActiveRecord::SchemaMigration Load (0.6ms)[0m  [1mSELECT "schema_migrations".* FROM "schema_migrations"[0m

ActionController::RoutingError (No route matches [GET] "/api/stocks/4/ohlc"):
  actionpack (4.0.0) lib/action_dispatch/middleware/debug_exceptions.rb:21:in `call'
  actionpack (4.0.0) lib/action_dispatch/middleware/show_exceptions.rb:30:in `call'
  railties (4.0.0) lib/rails/rack/logger.rb:38:in `call_app'
  railties (4.0.0) lib/rails/rack/logger.rb:21:in `block in call'
  activesupport (4.0.0) lib/active_support/tagged_logging.rb:67:in `block in tagged'
  activesupport (4.0.0) lib/active_support/tagged_logging.rb:25:in `tagged'
  activesupport (4.0.0) lib/active_support/tagged_logging.rb:67:in `tagged'
  railties (4.0.0) lib/rails/rack/logger.rb:21:in `call'
  actionpack (4.0.0) lib/action_dispatch/middleware/request_id.rb:21:in `call'
  rack (1.5.2) lib/rack/methodoverride.rb:21:in `call'
  rack (1.5.2) lib/rack/runtime.rb:17:in `call'
  activesupport (4.0.0) lib/active_support/cache/strategy/local_cache.rb:83:in `call'
  rack (1.5.2) lib/rack/lock.rb:17:in `call'
  actionpack (4.0.0) lib/action_dispatch/middleware/static.rb:64:in `call'
  railties (4.0.0) lib/rails/engine.rb:511:in `call'
  railties (4.0.0) lib/rails/application.rb:97:in `call'
  rack (1.5.2) lib/rack/lock.rb:17:in `call'
  rack (1.5.2) lib/rack/content_length.rb:14:in `call'
  rack (1.5.2) lib/rack/handler/webrick.rb:60:in `service'
  /Users/Bombick/.rvm/rubies/ruby-2.0.0-p247/lib/ruby/2.0.0/webrick/httpserver.rb:138:in `service'
  /Users/Bombick/.rvm/rubies/ruby-2.0.0-p247/lib/ruby/2.0.0/webrick/httpserver.rb:94:in `run'
  /Users/Bombick/.rvm/rubies/ruby-2.0.0-p247/lib/ruby/2.0.0/webrick/server.rb:295:in `block in start_thread'


  Rendered /Users/Bombick/.rvm/gems/ruby-2.0.0-p247@railstutorial_rails_4_0/gems/actionpack-4.0.0/lib/action_dispatch/middleware/templates/rescues/_trace.erb (1.9ms)
  Rendered /Users/Bombick/.rvm/gems/ruby-2.0.0-p247@railstutorial_rails_4_0/gems/actionpack-4.0.0/lib/action_dispatch/middleware/templates/routes/_route.html.erb (2.2ms)
  Rendered /Users/Bombick/.rvm/gems/ruby-2.0.0-p247@railstutorial_rails_4_0/gems/actionpack-4.0.0/lib/action_dispatch/middleware/templates/routes/_table.html.erb (18.6ms)
  Rendered /Users/Bombick/.rvm/gems/ruby-2.0.0-p247@railstutorial_rails_4_0/gems/actionpack-4.0.0/lib/action_dispatch/middleware/templates/rescues/routing_error.erb within rescues/layout (82.1ms)


Started GET "/api/stocks/3/ohlc" for 127.0.0.1 at 2014-06-21 19:52:49 -0400

ActionController::RoutingError (No route matches [GET] "/api/stocks/3/ohlc"):
  actionpack (4.0.0) lib/action_dispatch/middleware/debug_exceptions.rb:21:in `call'
  actionpack (4.0.0) lib/action_dispatch/middleware/show_exceptions.rb:30:in `call'
  railties (4.0.0) lib/rails/rack/logger.rb:38:in `call_app'
  railties (4.0.0) lib/rails/rack/logger.rb:21:in `block in call'
  activesupport (4.0.0) lib/active_support/tagged_logging.rb:67:in `block in tagged'
  activesupport (4.0.0) lib/active_support/tagged_logging.rb:25:in `tagged'
  activesupport (4.0.0) lib/active_support/tagged_logging.rb:67:in `tagged'
  railties (4.0.0) lib/rails/rack/logger.rb:21:in `call'
  actionpack (4.0.0) lib/action_dispatch/middleware/request_id.rb:21:in `call'
  rack (1.5.2) lib/rack/methodoverride.rb:21:in `call'
  rack (1.5.2) lib/rack/runtime.rb:17:in `call'
  activesupport (4.0.0) lib/active_support/cache/strategy/local_cache.rb:83:in `call'
  rack (1.5.2) lib/rack/lock.rb:17:in `call'
  actionpack (4.0.0) lib/action_dispatch/middleware/static.rb:64:in `call'
  railties (4.0.0) lib/rails/engine.rb:511:in `call'
  railties (4.0.0) lib/rails/application.rb:97:in `call'
  rack (1.5.2) lib/rack/lock.rb:17:in `call'
  rack (1.5.2) lib/rack/content_length.rb:14:in `call'
  rack (1.5.2) lib/rack/handler/webrick.rb:60:in `service'
  /Users/Bombick/.rvm/rubies/ruby-2.0.0-p247/lib/ruby/2.0.0/webrick/httpserver.rb:138:in `service'
  /Users/Bombick/.rvm/rubies/ruby-2.0.0-p247/lib/ruby/2.0.0/webrick/httpserver.rb:94:in `run'
  /Users/Bombick/.rvm/rubies/ruby-2.0.0-p247/lib/ruby/2.0.0/webrick/server.rb:295:in `block in start_thread'


  Rendered /Users/Bombick/.rvm/gems/ruby-2.0.0-p247@railstutorial_rails_4_0/gems/actionpack-4.0.0/lib/action_dispatch/middleware/templates/rescues/_trace.erb (1.9ms)
  Rendered /Users/Bombick/.rvm/gems/ruby-2.0.0-p247@railstutorial_rails_4_0/gems/actionpack-4.0.0/lib/action_dispatch/middleware/templates/routes/_route.html.erb (2.1ms)
  Rendered /Users/Bombick/.rvm/gems/ruby-2.0.0-p247@railstutorial_rails_4_0/gems/actionpack-4.0.0/lib/action_dispatch/middleware/templates/routes/_table.html.erb (1.7ms)
  Rendered /Users/Bombick/.rvm/gems/ruby-2.0.0-p247@railstutorial_rails_4_0/gems/actionpack-4.0.0/lib/action_dispatch/middleware/templates/rescues/routing_error.erb within rescues/layout (40.7ms)
